{"/Users/markfainstein/Dev/marksEngineeringCodingTask/src/index.js": {"path":"/Users/markfainstein/Dev/marksEngineeringCodingTask/src/index.js","statementMap":{"0":{"start":{"line":7,"column":0},"end":{"line":12,"column":2}},"1":{"start":{"line":17,"column":0},"end":{"line":17,"column":18}}},"fnMap":{},"branchMap":{},"s":{"0":0,"1":0},"f":{},"b":{}}
,"/Users/markfainstein/Dev/marksEngineeringCodingTask/src/reportWebVitals.js": {"path":"/Users/markfainstein/Dev/marksEngineeringCodingTask/src/reportWebVitals.js","statementMap":{"0":{"start":{"line":1,"column":24},"end":{"line":11,"column":1}},"1":{"start":{"line":2,"column":2},"end":{"line":10,"column":3}},"2":{"start":{"line":3,"column":4},"end":{"line":9,"column":7}},"3":{"start":{"line":4,"column":6},"end":{"line":4,"column":26}},"4":{"start":{"line":5,"column":6},"end":{"line":5,"column":26}},"5":{"start":{"line":6,"column":6},"end":{"line":6,"column":26}},"6":{"start":{"line":7,"column":6},"end":{"line":7,"column":26}},"7":{"start":{"line":8,"column":6},"end":{"line":8,"column":27}}},"fnMap":{"0":{"name":"(anonymous_0)","decl":{"start":{"line":1,"column":24},"end":{"line":1,"column":25}},"loc":{"start":{"line":1,"column":39},"end":{"line":11,"column":1}},"line":1},"1":{"name":"(anonymous_1)","decl":{"start":{"line":3,"column":30},"end":{"line":3,"column":31}},"loc":{"start":{"line":3,"column":79},"end":{"line":9,"column":5}},"line":3}},"branchMap":{"0":{"loc":{"start":{"line":2,"column":2},"end":{"line":10,"column":3}},"type":"if","locations":[{"start":{"line":2,"column":2},"end":{"line":10,"column":3}},{"start":{},"end":{}}],"line":2},"1":{"loc":{"start":{"line":2,"column":6},"end":{"line":2,"column":52}},"type":"binary-expr","locations":[{"start":{"line":2,"column":6},"end":{"line":2,"column":17}},{"start":{"line":2,"column":21},"end":{"line":2,"column":52}}],"line":2}},"s":{"0":0,"1":0,"2":0,"3":0,"4":0,"5":0,"6":0,"7":0},"f":{"0":0,"1":0},"b":{"0":[0,0],"1":[0,0]}}
,"/Users/markfainstein/Dev/marksEngineeringCodingTask/src/api/index.js": {"path":"/Users/markfainstein/Dev/marksEngineeringCodingTask/src/api/index.js","statementMap":{"0":{"start":{"line":1,"column":22},"end":{"line":102,"column":1}},"1":{"start":{"line":103,"column":17},"end":{"line":114,"column":1}},"2":{"start":{"line":117,"column":4},"end":{"line":119,"column":7}},"3":{"start":{"line":118,"column":8},"end":{"line":118,"column":51}},"4":{"start":{"line":118,"column":25},"end":{"line":118,"column":40}},"5":{"start":{"line":124,"column":4},"end":{"line":130,"column":7}},"6":{"start":{"line":133,"column":18},"end":{"line":164,"column":1}},"7":{"start":{"line":167,"column":4},"end":{"line":167,"column":45}},"8":{"start":{"line":171,"column":4},"end":{"line":181,"column":7}},"9":{"start":{"line":172,"column":18},"end":{"line":172,"column":34}},"10":{"start":{"line":173,"column":8},"end":{"line":175,"column":9}},"11":{"start":{"line":174,"column":12},"end":{"line":174,"column":21}},"12":{"start":{"line":176,"column":20},"end":{"line":176,"column":31}},"13":{"start":{"line":177,"column":8},"end":{"line":177,"column":24}},"14":{"start":{"line":178,"column":8},"end":{"line":180,"column":9}},"15":{"start":{"line":179,"column":12},"end":{"line":179,"column":25}},"16":{"start":{"line":185,"column":28},"end":{"line":187,"column":6}},"17":{"start":{"line":186,"column":8},"end":{"line":186,"column":33}},"18":{"start":{"line":188,"column":23},"end":{"line":188,"column":61}},"19":{"start":{"line":189,"column":4},"end":{"line":189,"column":37}}},"fnMap":{"0":{"name":"setTimeoutPromise","decl":{"start":{"line":116,"column":9},"end":{"line":116,"column":26}},"loc":{"start":{"line":116,"column":44},"end":{"line":120,"column":1}},"line":116},"1":{"name":"(anonymous_1)","decl":{"start":{"line":117,"column":23},"end":{"line":117,"column":24}},"loc":{"start":{"line":117,"column":44},"end":{"line":119,"column":5}},"line":117},"2":{"name":"(anonymous_2)","decl":{"start":{"line":118,"column":19},"end":{"line":118,"column":20}},"loc":{"start":{"line":118,"column":25},"end":{"line":118,"column":40}},"line":118},"3":{"name":"fetchOrderById","decl":{"start":{"line":122,"column":16},"end":{"line":122,"column":30}},"loc":{"start":{"line":122,"column":35},"end":{"line":131,"column":1}},"line":122},"4":{"name":"fetchImageUrls","decl":{"start":{"line":166,"column":16},"end":{"line":166,"column":30}},"loc":{"start":{"line":166,"column":33},"end":{"line":168,"column":1}},"line":166},"5":{"name":"fetchImage","decl":{"start":{"line":170,"column":16},"end":{"line":170,"column":26}},"loc":{"start":{"line":170,"column":34},"end":{"line":182,"column":1}},"line":170},"6":{"name":"(anonymous_6)","decl":{"start":{"line":171,"column":23},"end":{"line":171,"column":24}},"loc":{"start":{"line":171,"column":44},"end":{"line":181,"column":5}},"line":171},"7":{"name":"(anonymous_7)","decl":{"start":{"line":178,"column":23},"end":{"line":178,"column":24}},"loc":{"start":{"line":178,"column":29},"end":{"line":180,"column":9}},"line":178},"8":{"name":"fetchImages","decl":{"start":{"line":184,"column":22},"end":{"line":184,"column":33}},"loc":{"start":{"line":184,"column":36},"end":{"line":190,"column":1}},"line":184},"9":{"name":"(anonymous_9)","decl":{"start":{"line":185,"column":42},"end":{"line":185,"column":43}},"loc":{"start":{"line":185,"column":58},"end":{"line":187,"column":5}},"line":185}},"branchMap":{"0":{"loc":{"start":{"line":173,"column":8},"end":{"line":175,"column":9}},"type":"if","locations":[{"start":{"line":173,"column":8},"end":{"line":175,"column":9}},{"start":{},"end":{}}],"line":173}},"s":{"0":2,"1":2,"2":1,"3":1,"4":1,"5":1,"6":2,"7":0,"8":0,"9":0,"10":0,"11":0,"12":0,"13":0,"14":0,"15":0,"16":0,"17":0,"18":0,"19":0},"f":{"0":1,"1":1,"2":1,"3":1,"4":0,"5":0,"6":0,"7":0,"8":0,"9":0},"b":{"0":[0,0]},"_coverageSchema":"1a1c01bbd47fc00a2c39e90264f33305004495a9","hash":"62a4ce9b126d57affee4e01745d94c053fbba29c"}
,"/Users/markfainstein/Dev/marksEngineeringCodingTask/src/task1/App.js": {"path":"/Users/markfainstein/Dev/marksEngineeringCodingTask/src/task1/App.js","statementMap":{"0":{"start":{"line":6,"column":2},"end":{"line":10,"column":4}}},"fnMap":{"0":{"name":"App","decl":{"start":{"line":5,"column":9},"end":{"line":5,"column":12}},"loc":{"start":{"line":5,"column":15},"end":{"line":11,"column":1}},"line":5}},"branchMap":{},"s":{"0":1},"f":{"0":1},"b":{},"_coverageSchema":"1a1c01bbd47fc00a2c39e90264f33305004495a9","hash":"d6e18e171930f865341aaf8de6899150da7ce92b"}
,"/Users/markfainstein/Dev/marksEngineeringCodingTask/src/task1/ImageCarousel.js": {"path":"/Users/markfainstein/Dev/marksEngineeringCodingTask/src/task1/ImageCarousel.js","statementMap":{"0":{"start":{"line":4,"column":22},"end":{"line":6,"column":1}},"1":{"start":{"line":5,"column":4},"end":{"line":5,"column":40}}},"fnMap":{"0":{"name":"(anonymous_0)","decl":{"start":{"line":4,"column":22},"end":{"line":4,"column":23}},"loc":{"start":{"line":4,"column":33},"end":{"line":6,"column":1}},"line":4}},"branchMap":{},"s":{"0":1,"1":1},"f":{"0":1},"b":{},"_coverageSchema":"1a1c01bbd47fc00a2c39e90264f33305004495a9","hash":"f408033edb89ec49be1b680fed82350b41c1c7ac"}
,"/Users/markfainstein/Dev/marksEngineeringCodingTask/src/task2/ecommerce.js": {"path":"/Users/markfainstein/Dev/marksEngineeringCodingTask/src/task2/ecommerce.js","statementMap":{"0":{"start":{"line":6,"column":30},"end":{"line":10,"column":1}},"1":{"start":{"line":7,"column":16},"end":{"line":7,"column":22}},"2":{"start":{"line":12,"column":28},"end":{"line":17,"column":1}},"3":{"start":{"line":13,"column":24},"end":{"line":13,"column":26}},"4":{"start":{"line":16,"column":4},"end":{"line":16,"column":25}},"5":{"start":{"line":19,"column":28},"end":{"line":21,"column":1}},"6":{"start":{"line":23,"column":27},"end":{"line":28,"column":1}},"7":{"start":{"line":24,"column":23},"end":{"line":24,"column":25}},"8":{"start":{"line":27,"column":4},"end":{"line":27,"column":24}},"9":{"start":{"line":30,"column":0},"end":{"line":30,"column":17}},"10":{"start":{"line":33,"column":0},"end":{"line":33,"column":22}},"11":{"start":{"line":36,"column":0},"end":{"line":36,"column":22}},"12":{"start":{"line":39,"column":0},"end":{"line":39,"column":21}}},"fnMap":{"0":{"name":"(anonymous_0)","decl":{"start":{"line":6,"column":30},"end":{"line":6,"column":31}},"loc":{"start":{"line":6,"column":36},"end":{"line":10,"column":1}},"line":6},"1":{"name":"(anonymous_1)","decl":{"start":{"line":12,"column":28},"end":{"line":12,"column":29}},"loc":{"start":{"line":12,"column":34},"end":{"line":17,"column":1}},"line":12},"2":{"name":"(anonymous_2)","decl":{"start":{"line":19,"column":28},"end":{"line":19,"column":29}},"loc":{"start":{"line":19,"column":34},"end":{"line":21,"column":1}},"line":19},"3":{"name":"(anonymous_3)","decl":{"start":{"line":23,"column":27},"end":{"line":23,"column":28}},"loc":{"start":{"line":23,"column":33},"end":{"line":28,"column":1}},"line":23}},"branchMap":{},"s":{"0":1,"1":2,"2":1,"3":1,"4":1,"5":1,"6":1,"7":1,"8":1,"9":1,"10":1,"11":1,"12":1},"f":{"0":2,"1":1,"2":1,"3":1},"b":{},"_coverageSchema":"1a1c01bbd47fc00a2c39e90264f33305004495a9","hash":"5249761dfc89cfd270542628e88d03c1889879a6"}
}
