TN:
SF:src/index.js
FNF:0
FNH:0
DA:7,0
DA:17,0
LF:2
LH:0
BRF:0
BRH:0
end_of_record
TN:
SF:src/reportWebVitals.js
FN:1,(anonymous_0)
FN:3,(anonymous_1)
FNF:2
FNH:0
FNDA:0,(anonymous_0)
FNDA:0,(anonymous_1)
DA:1,0
DA:2,0
DA:3,0
DA:4,0
DA:5,0
DA:6,0
DA:7,0
DA:8,0
LF:8
LH:0
BRDA:2,0,0,0
BRDA:2,0,1,0
BRDA:2,1,0,0
BRDA:2,1,1,0
BRF:4
BRH:0
end_of_record
TN:
SF:src/api/index.js
FN:116,setTimeoutPromise
FN:117,(anonymous_1)
FN:118,(anonymous_2)
FN:122,fetchOrderById
FN:166,fetchImageUrls
FN:170,fetchImage
FN:171,(anonymous_6)
FN:178,(anonymous_7)
FN:184,fetchImages
FN:185,(anonymous_9)
FNF:10
FNH:4
FNDA:1,setTimeoutPromise
FNDA:1,(anonymous_1)
FNDA:1,(anonymous_2)
FNDA:1,fetchOrderById
FNDA:0,fetchImageUrls
FNDA:0,fetchImage
FNDA:0,(anonymous_6)
FNDA:0,(anonymous_7)
FNDA:0,fetchImages
FNDA:0,(anonymous_9)
DA:1,2
DA:103,2
DA:117,1
DA:118,1
DA:124,1
DA:133,2
DA:167,0
DA:171,0
DA:172,0
DA:173,0
DA:174,0
DA:176,0
DA:177,0
DA:178,0
DA:179,0
DA:185,0
DA:186,0
DA:188,0
DA:189,0
LF:19
LH:6
BRDA:173,0,0,0
BRDA:173,0,1,0
BRF:2
BRH:0
end_of_record
TN:
SF:src/task1/App.js
FN:5,App
FNF:1
FNH:1
FNDA:1,App
DA:6,1
LF:1
LH:1
BRF:0
BRH:0
end_of_record
TN:
SF:src/task1/ImageCarousel.js
FN:4,(anonymous_0)
FNF:1
FNH:1
FNDA:1,(anonymous_0)
DA:4,1
DA:5,1
LF:2
LH:2
BRF:0
BRH:0
end_of_record
TN:
SF:src/task2/ecommerce.js
FN:6,(anonymous_0)
FN:12,(anonymous_1)
FN:19,(anonymous_2)
FN:23,(anonymous_3)
FNF:4
FNH:4
FNDA:2,(anonymous_0)
FNDA:1,(anonymous_1)
FNDA:1,(anonymous_2)
FNDA:1,(anonymous_3)
DA:6,1
DA:7,2
DA:12,1
DA:13,1
DA:16,1
DA:19,1
DA:23,1
DA:24,1
DA:27,1
DA:30,1
DA:33,1
DA:36,1
DA:39,1
LF:13
LH:13
BRF:0
BRH:0
end_of_record
